d:\qtprojects\thefirstqtapp\thefirstqtapp\x64\release\moc_thefirstqtapp.obj
d:\qtprojects\thefirstqtapp\thefirstqtapp\x64\release\qrc_thefirstqtapp.obj
d:\qtprojects\thefirstqtapp\thefirstqtapp\x64\release\thefirstqtapp.obj
d:\qtprojects\thefirstqtapp\thefirstqtapp\x64\release\main.obj
d:\qtprojects\thefirstqtapp\x64\release\thefirstqtapp.exe
d:\qtprojects\thefirstqtapp\thefirstqtapp\x64\release\moc\moc_thefirstqtapp.cpp
d:\qtprojects\thefirstqtapp\thefirstqtapp\x64\release\rcc\qrc_thefirstqtapp.cpp
d:\qtprojects\thefirstqtapp\thefirstqtapp\x64\release\uic\ui_thefirstqtapp.h
d:\qtprojects\thefirstqtapp\thefirstqtapp\x64\release\thefirstqtapp.tlog\cl.command.1.tlog
d:\qtprojects\thefirstqtapp\thefirstqtapp\x64\release\thefirstqtapp.tlog\cl.read.1.tlog
d:\qtprojects\thefirstqtapp\thefirstqtapp\x64\release\thefirstqtapp.tlog\cl.write.1.tlog
d:\qtprojects\thefirstqtapp\thefirstqtapp\x64\release\thefirstqtapp.tlog\link.command.1.tlog
d:\qtprojects\thefirstqtapp\thefirstqtapp\x64\release\thefirstqtapp.tlog\link.read.1.tlog
d:\qtprojects\thefirstqtapp\thefirstqtapp\x64\release\thefirstqtapp.tlog\link.write.1.tlog
d:\qtprojects\thefirstqtapp\thefirstqtapp\x64\release\thefirstqtapp.tlog\moc.read.1u.tlog
d:\qtprojects\thefirstqtapp\thefirstqtapp\x64\release\thefirstqtapp.tlog\moc.write.1u.tlog
d:\qtprojects\thefirstqtapp\thefirstqtapp\x64\release\thefirstqtapp.tlog\rcc.read.1u.tlog
d:\qtprojects\thefirstqtapp\thefirstqtapp\x64\release\thefirstqtapp.tlog\rcc.write.1u.tlog
d:\qtprojects\thefirstqtapp\thefirstqtapp\x64\release\thefirstqtapp.tlog\thefirstqtapp.write.1u.tlog
d:\qtprojects\thefirstqtapp\thefirstqtapp\x64\release\thefirstqtapp.tlog\uic.read.1u.tlog
d:\qtprojects\thefirstqtapp\thefirstqtapp\x64\release\thefirstqtapp.tlog\uic.write.1u.tlog
