d:\qtprojects\studentsystem\studentsystem\x64\release\qrc_addstudent.obj
d:\qtprojects\studentsystem\studentsystem\x64\release\moc_addstudent.obj
d:\qtprojects\studentsystem\studentsystem\x64\release\addstudent.obj
d:\qtprojects\studentsystem\studentsystem\x64\release\main.obj
d:\qtprojects\studentsystem\studentsystem\x64\release\qtwidgetsclass.obj
d:\qtprojects\studentsystem\studentsystem\x64\release\moc_qtwidgetsclass.obj
d:\qtprojects\studentsystem\x64\release\studentsystem.exe
d:\qtprojects\studentsystem\studentsystem\x64\release\moc\moc_addstudent.cpp
d:\qtprojects\studentsystem\studentsystem\x64\release\moc\moc_qtwidgetsclass.cpp
d:\qtprojects\studentsystem\studentsystem\x64\release\rcc\qrc_addstudent.cpp
d:\qtprojects\studentsystem\studentsystem\x64\release\uic\ui_addstudent.h
d:\qtprojects\studentsystem\studentsystem\x64\release\uic\ui_qtwidgetsclass.h
d:\qtprojects\studentsystem\studentsystem\x64\release\studentsystem.tlog\cl.command.1.tlog
d:\qtprojects\studentsystem\studentsystem\x64\release\studentsystem.tlog\cl.read.1.tlog
d:\qtprojects\studentsystem\studentsystem\x64\release\studentsystem.tlog\cl.write.1.tlog
d:\qtprojects\studentsystem\studentsystem\x64\release\studentsystem.tlog\link.command.1.tlog
d:\qtprojects\studentsystem\studentsystem\x64\release\studentsystem.tlog\link.read.1.tlog
d:\qtprojects\studentsystem\studentsystem\x64\release\studentsystem.tlog\link.write.1.tlog
d:\qtprojects\studentsystem\studentsystem\x64\release\studentsystem.tlog\moc.read.1u.tlog
d:\qtprojects\studentsystem\studentsystem\x64\release\studentsystem.tlog\moc.write.1u.tlog
d:\qtprojects\studentsystem\studentsystem\x64\release\studentsystem.tlog\rcc.read.1u.tlog
d:\qtprojects\studentsystem\studentsystem\x64\release\studentsystem.tlog\rcc.write.1u.tlog
d:\qtprojects\studentsystem\studentsystem\x64\release\studentsystem.tlog\studentsystem.write.1u.tlog
d:\qtprojects\studentsystem\studentsystem\x64\release\studentsystem.tlog\uic.read.1u.tlog
d:\qtprojects\studentsystem\studentsystem\x64\release\studentsystem.tlog\uic.write.1u.tlog
