d:\qtprojects\qtcalculator\qtcalculator\x64\release\qtcalculator.obj
d:\qtprojects\qtcalculator\qtcalculator\x64\release\calculatormodel.obj
d:\qtprojects\qtcalculator\qtcalculator\x64\release\moc_qtcalculator.obj
d:\qtprojects\qtcalculator\qtcalculator\x64\release\qrc_qtcalculator.obj
d:\qtprojects\qtcalculator\qtcalculator\x64\release\main.obj
d:\qtprojects\qtcalculator\x64\release\qtcalculator.exe
d:\qtprojects\qtcalculator\qtcalculator\x64\release\moc\moc_qtcalculator.cpp
d:\qtprojects\qtcalculator\qtcalculator\x64\release\rcc\qrc_qtcalculator.cpp
d:\qtprojects\qtcalculator\qtcalculator\x64\release\uic\ui_qtcalculator.h
d:\qtprojects\qtcalculator\qtcalculator\x64\release\qtcalculator.tlog\cl.command.1.tlog
d:\qtprojects\qtcalculator\qtcalculator\x64\release\qtcalculator.tlog\cl.read.1.tlog
d:\qtprojects\qtcalculator\qtcalculator\x64\release\qtcalculator.tlog\cl.write.1.tlog
d:\qtprojects\qtcalculator\qtcalculator\x64\release\qtcalculator.tlog\link.command.1.tlog
d:\qtprojects\qtcalculator\qtcalculator\x64\release\qtcalculator.tlog\link.read.1.tlog
d:\qtprojects\qtcalculator\qtcalculator\x64\release\qtcalculator.tlog\link.write.1.tlog
d:\qtprojects\qtcalculator\qtcalculator\x64\release\qtcalculator.tlog\moc.read.1u.tlog
d:\qtprojects\qtcalculator\qtcalculator\x64\release\qtcalculator.tlog\moc.write.1u.tlog
d:\qtprojects\qtcalculator\qtcalculator\x64\release\qtcalculator.tlog\qtcalculator.write.1u.tlog
d:\qtprojects\qtcalculator\qtcalculator\x64\release\qtcalculator.tlog\rcc.read.1u.tlog
d:\qtprojects\qtcalculator\qtcalculator\x64\release\qtcalculator.tlog\rcc.write.1u.tlog
d:\qtprojects\qtcalculator\qtcalculator\x64\release\qtcalculator.tlog\uic.read.1u.tlog
d:\qtprojects\qtcalculator\qtcalculator\x64\release\qtcalculator.tlog\uic.write.1u.tlog
